<?xml version="1.0" encoding="UTF-8"?>
<!-- Generated by org.testng.reporters.JUnitXMLReporter -->
<testsuite ignored="4" hostname="192.168.1.5" failures="0" tests="1" name="/Users/shubhrajitmohapatra/Downloads/Project/RestAssuredTest" time="23.1" errors="0" timestamp="2023-09-16T21:11:38 IST">
  <testcase classname="org.example.TrelloApi" name="dataDriven" time="23.021"/>
  <testcase classname="org.example.TrelloApi" name="deleteBoard" time="0.0">
    <ignored/>
  </testcase> <!-- deleteBoard -->
  <testcase classname="org.example.TrelloApi" name="updateBoard" time="0.0">
    <ignored/>
  </testcase> <!-- updateBoard -->
  <testcase classname="org.example.TrelloApi" name="getBoard" time="0.0">
    <ignored/>
  </testcase> <!-- getBoard -->
  <testcase classname="org.example.TrelloApi" name="createBoard" time="0.0">
    <ignored/>
  </testcase> <!-- createBoard -->
</testsuite> <!-- /Users/shubhrajitmohapatra/Downloads/Project/RestAssuredTest -->
