<?xml version="1.0" encoding="UTF-8"?>
<testng-results ignored="4" total="5" passed="1" failed="0" skipped="0">
  <reporter-output>
  </reporter-output>
  <suite started-at="2023-09-16T21:11:15 IST" name="All Test Suite" finished-at="2023-09-16T21:11:38 IST" duration-ms="23100">
    <groups>
    </groups>
    <test started-at="2023-09-16T21:11:15 IST" name="/Users/shubhrajitmohapatra/Downloads/Project/RestAssuredTest" finished-at="2023-09-16T21:11:38 IST" duration-ms="23100">
      <class name="org.example.TrelloApi">
        <test-method signature="dataDriven()[pri:0, instance:org.example.TrelloApi@1de76cc7]" started-at="2023-09-16T21:11:15 IST" name="dataDriven" finished-at="2023-09-16T21:11:38 IST" duration-ms="23021" status="PASS">
          <reporter-output>
          </reporter-output>
        </test-method> <!-- dataDriven -->
      </class> <!-- org.example.TrelloApi -->
    </test> <!-- /Users/shubhrajitmohapatra/Downloads/Project/RestAssuredTest -->
  </suite> <!-- All Test Suite -->
</testng-results>
